2025-06-12 20:41:43,628 - INFO - load_comments:151 - 載入了 8 個暫存器註解
2025-06-12 20:41:43,632 - INFO - __init__:123 - Modbus TCP Server 應用程式初始化完成
2025-06-12 20:41:43,632 - INFO - run:567 - === Modbus TCP Server 啟動 (生產環境) ===
2025-06-12 20:41:43,632 - INFO - run:568 - Python 版本: 3.12.9 | packaged by Anaconda, Inc. | (main, Feb  6 2025, 18:49:16) [MSC v.1929 64 bit (AMD64)]
2025-06-12 20:41:43,633 - INFO - run:569 - 基礎路徑: c:\Users\user\Documents\GitHub\DobotDR\ModbusServer
2025-06-12 20:41:43,633 - INFO - write_register:252 - 寫入暫存器 0: 0 -> 100
2025-06-12 20:41:43,633 - INFO - write_register:252 - 寫入暫存器 1: 0 -> 200
2025-06-12 20:41:43,633 - INFO - write_register:252 - 寫入暫存器 10: 0 -> 1000
2025-06-12 20:41:43,633 - INFO - write_register:252 - 寫入暫存器 50: 0 -> 5000
2025-06-12 20:41:43,633 - INFO - write_register:252 - 寫入暫存器 100: 0 -> 12345
2025-06-12 20:41:43,634 - INFO - write_register:252 - 寫入暫存器 200: 0 -> 32768
2025-06-12 20:41:43,634 - INFO - write_register:252 - 寫入暫存器 500: 0 -> 65535
2025-06-12 20:41:43,634 - INFO - write_register:252 - 寫入暫存器 999: 0 -> 40000
2025-06-12 20:41:43,634 - INFO - initialize_test_data:546 - 測試數據和註解初始化完成 (無符號 0-65535 範圍)
2025-06-12 20:41:43,635 - INFO - start_web_server:501 - 啟動Web管理介面於 http://127.0.0.1:8000
2025-06-12 20:41:44,636 - INFO - start_modbus_server:484 - 啟動Modbus TCP Server於 0.0.0.0:502, SlaveID: 1
2025-06-12 20:43:58,040 - INFO - setValues:75 - 外部更新暫存器 402: 0
2025-06-12 20:43:58,041 - INFO - setValues:75 - 外部更新暫存器 403: 1
2025-06-12 20:44:02,267 - INFO - setValues:75 - 外部更新暫存器 402: 0
2025-06-12 20:44:02,268 - INFO - setValues:75 - 外部更新暫存器 403: 0
2025-06-12 20:46:05,342 - INFO - setValues:75 - 外部更新暫存器 402: 0
2025-06-12 20:46:05,343 - INFO - setValues:75 - 外部更新暫存器 403: 1
2025-06-12 20:46:12,944 - INFO - setValues:75 - 外部更新暫存器 402: 0
2025-06-12 20:46:12,944 - INFO - setValues:75 - 外部更新暫存器 403: 0
2025-06-12 20:46:14,596 - INFO - setValues:75 - 外部更新暫存器 402: 0
2025-06-12 20:46:14,597 - INFO - setValues:75 - 外部更新暫存器 403: 1
2025-06-12 20:47:30,583 - INFO - setValues:75 - 外部更新暫存器 401: 1
2025-06-12 20:47:30,596 - INFO - setValues:75 - 外部更新暫存器 402: 1
2025-06-12 20:47:30,596 - INFO - setValues:75 - 外部更新暫存器 403: 0
2025-06-12 20:47:59,085 - INFO - setValues:75 - 外部更新暫存器 402: 0
