2025-06-12 20:18:42,856 - INFO - __init__:123 - Modbus TCP Server 應用程式初始化完成
2025-06-12 20:18:42,856 - INFO - run:567 - === Modbus TCP Server 啟動 (生產環境) ===
2025-06-12 20:18:42,856 - INFO - run:568 - Python 版本: 3.12.9 | packaged by Anaconda, Inc. | (main, Feb  6 2025, 18:49:16) [MSC v.1929 64 bit (AMD64)]
2025-06-12 20:18:42,856 - INFO - run:569 - 基礎路徑: c:\Users\user\Documents\GitHub\DobotDR\ModbusServer
2025-06-12 20:18:42,856 - INFO - write_register:252 - 寫入暫存器 0: 0 -> 100
2025-06-12 20:18:42,856 - INFO - write_register:252 - 寫入暫存器 1: 0 -> 200
2025-06-12 20:18:42,856 - INFO - write_register:252 - 寫入暫存器 10: 0 -> 1000
2025-06-12 20:18:42,856 - INFO - write_register:252 - 寫入暫存器 50: 0 -> 5000
2025-06-12 20:18:42,856 - INFO - write_register:252 - 寫入暫存器 100: 0 -> 12345
2025-06-12 20:18:42,856 - INFO - write_register:252 - 寫入暫存器 200: 0 -> 32768
2025-06-12 20:18:42,856 - INFO - write_register:252 - 寫入暫存器 500: 0 -> 65535
2025-06-12 20:18:42,856 - INFO - write_register:252 - 寫入暫存器 999: 0 -> 40000
2025-06-12 20:18:42,857 - INFO - initialize_test_data:546 - 測試數據和註解初始化完成 (無符號 0-65535 範圍)
2025-06-12 20:18:42,857 - INFO - start_web_server:501 - 啟動Web管理介面於 http://127.0.0.1:8000
2025-06-12 20:18:43,859 - INFO - start_modbus_server:484 - 啟動Modbus TCP Server於 0.0.0.0:502, SlaveID: 1
2025-06-12 20:19:16,225 - INFO - setValues:75 - 外部更新暫存器 291: 4
2025-06-12 20:19:16,225 - INFO - setValues:75 - 外部更新暫存器 292: 0
2025-06-12 20:19:16,225 - INFO - setValues:75 - 外部更新暫存器 202: 1
2025-06-12 20:19:16,226 - INFO - setValues:75 - 外部更新暫存器 201: 0
2025-06-12 20:19:16,226 - INFO - setValues:75 - 外部更新暫存器 284: 0
2025-06-12 20:19:16,226 - INFO - setValues:75 - 外部更新暫存器 285: 0
2025-06-12 20:19:16,226 - INFO - setValues:75 - 外部更新暫存器 286: 1
2025-06-12 20:19:16,226 - INFO - setValues:75 - 外部更新暫存器 257: 0
2025-06-12 20:19:16,227 - INFO - setValues:75 - 外部更新暫存器 202: 4
2025-06-12 20:19:16,227 - INFO - setValues:75 - 外部更新暫存器 284: 0
2025-06-12 20:19:16,227 - INFO - setValues:75 - 外部更新暫存器 285: 0
2025-06-12 20:19:16,228 - INFO - setValues:75 - 外部更新暫存器 293: 0
2025-06-12 20:19:16,228 - INFO - setValues:75 - 外部更新暫存器 294: 0
2025-06-12 20:19:16,228 - INFO - setValues:75 - 外部更新暫存器 257: 1
2025-06-12 20:19:16,279 - INFO - setValues:75 - 外部更新暫存器 202: 4
2025-06-12 20:19:16,279 - INFO - setValues:75 - 外部更新暫存器 284: 0
2025-06-12 20:19:16,280 - INFO - setValues:75 - 外部更新暫存器 285: 0
2025-06-12 20:19:16,280 - INFO - setValues:75 - 外部更新暫存器 293: 0
2025-06-12 20:19:16,280 - INFO - setValues:75 - 外部更新暫存器 294: 0
2025-06-12 20:19:16,281 - INFO - setValues:75 - 外部更新暫存器 257: 1
2025-06-12 20:19:16,332 - INFO - setValues:75 - 外部更新暫存器 202: 4
2025-06-12 20:19:16,332 - INFO - setValues:75 - 外部更新暫存器 284: 0
2025-06-12 20:19:16,333 - INFO - setValues:75 - 外部更新暫存器 285: 0
2025-06-12 20:19:16,333 - INFO - setValues:75 - 外部更新暫存器 293: 0
2025-06-12 20:19:16,333 - INFO - setValues:75 - 外部更新暫存器 294: 0
2025-06-12 20:19:16,333 - INFO - setValues:75 - 外部更新暫存器 257: 1
2025-06-12 20:19:16,384 - INFO - setValues:75 - 外部更新暫存器 202: 4
2025-06-12 20:21:03,614 - INFO - signal_handler:128 - 收到信號 2，正在優雅關閉伺服器...
2025-06-12 20:21:03,614 - INFO - shutdown:553 - 正在關閉伺服器...
2025-06-12 20:21:03,614 - INFO - shutdown:560 - 伺服器已關閉
2025-06-12 20:21:03,615 - INFO - setValues:75 - 外部更新暫存器 202: 4
2025-06-12 20:21:03,615 - ERROR - send:384 - Cancel send, because not connected!
2025-06-12 20:21:03,615 - INFO - shutdown:553 - 正在關閉伺服器...
2025-06-12 20:21:03,616 - INFO - shutdown:560 - 伺服器已關閉
